<?xml version="1.0" encoding="UTF-8"?>
<coverage generated="1478367429">
  <project timestamp="1478367429">
    <file name="/Applications/MAMP/htdocs/expo/application/libraries/Format.php">
      <class name="Format" namespace="global">
        <metrics complexity="65" methods="14" coveredmethods="0" conditionals="0" coveredconditionals="0" statements="218" coveredstatements="0" elements="232" coveredelements="0"/>
      </class>
      <line num="3" type="stmt" count="0"/>
      <line num="83" type="method" name="__construct" visibility="public" complexity="3" crap="12" count="0"/>
      <line num="84" type="stmt" count="0"/>
      <line num="86" type="stmt" count="0"/>
      <line num="89" type="stmt" count="0"/>
      <line num="92" type="stmt" count="0"/>
      <line num="93" type="stmt" count="0"/>
      <line num="94" type="stmt" count="0"/>
      <line num="95" type="stmt" count="0"/>
      <line num="96" type="stmt" count="0"/>
      <line num="97" type="stmt" count="0"/>
      <line num="98" type="stmt" count="0"/>
      <line num="99" type="stmt" count="0"/>
      <line num="100" type="stmt" count="0"/>
      <line num="101" type="stmt" count="0"/>
      <line num="102" type="stmt" count="0"/>
      <line num="105" type="stmt" count="0"/>
      <line num="106" type="stmt" count="0"/>
      <line num="117" type="method" name="factory" visibility="public" complexity="1" crap="2" count="0"/>
      <line num="118" type="stmt" count="0"/>
      <line num="122" type="stmt" count="0"/>
      <line num="123" type="stmt" count="0"/>
      <line num="134" type="method" name="to_array" visibility="public" complexity="7" crap="56" count="0"/>
      <line num="135" type="stmt" count="0"/>
      <line num="138" type="stmt" count="0"/>
      <line num="139" type="stmt" count="0"/>
      <line num="140" type="stmt" count="0"/>
      <line num="141" type="stmt" count="0"/>
      <line num="144" type="stmt" count="0"/>
      <line num="145" type="stmt" count="0"/>
      <line num="146" type="stmt" count="0"/>
      <line num="147" type="stmt" count="0"/>
      <line num="149" type="stmt" count="0"/>
      <line num="150" type="stmt" count="0"/>
      <line num="151" type="stmt" count="0"/>
      <line num="152" type="stmt" count="0"/>
      <line num="153" type="stmt" count="0"/>
      <line num="154" type="stmt" count="0"/>
      <line num="155" type="stmt" count="0"/>
      <line num="156" type="stmt" count="0"/>
      <line num="157" type="stmt" count="0"/>
      <line num="158" type="stmt" count="0"/>
      <line num="159" type="stmt" count="0"/>
      <line num="160" type="stmt" count="0"/>
      <line num="162" type="stmt" count="0"/>
      <line num="163" type="stmt" count="0"/>
      <line num="174" type="method" name="to_xml" visibility="public" complexity="17" crap="306" count="0"/>
      <line num="175" type="stmt" count="0"/>
      <line num="176" type="stmt" count="0"/>
      <line num="177" type="stmt" count="0"/>
      <line num="178" type="stmt" count="0"/>
      <line num="179" type="stmt" count="0"/>
      <line num="181" type="stmt" count="0"/>
      <line num="182" type="stmt" count="0"/>
      <line num="183" type="stmt" count="0"/>
      <line num="184" type="stmt" count="0"/>
      <line num="187" type="stmt" count="0"/>
      <line num="188" type="stmt" count="0"/>
      <line num="189" type="stmt" count="0"/>
      <line num="190" type="stmt" count="0"/>
      <line num="192" type="stmt" count="0"/>
      <line num="193" type="stmt" count="0"/>
      <line num="196" type="stmt" count="0"/>
      <line num="197" type="stmt" count="0"/>
      <line num="198" type="stmt" count="0"/>
      <line num="199" type="stmt" count="0"/>
      <line num="202" type="stmt" count="0"/>
      <line num="203" type="stmt" count="0"/>
      <line num="205" type="stmt" count="0"/>
      <line num="206" type="stmt" count="0"/>
      <line num="209" type="stmt" count="0"/>
      <line num="211" type="stmt" count="0"/>
      <line num="212" type="stmt" count="0"/>
      <line num="213" type="stmt" count="0"/>
      <line num="214" type="stmt" count="0"/>
      <line num="215" type="stmt" count="0"/>
      <line num="216" type="stmt" count="0"/>
      <line num="217" type="stmt" count="0"/>
      <line num="219" type="stmt" count="0"/>
      <line num="220" type="stmt" count="0"/>
      <line num="221" type="stmt" count="0"/>
      <line num="222" type="stmt" count="0"/>
      <line num="223" type="stmt" count="0"/>
      <line num="225" type="stmt" count="0"/>
      <line num="226" type="stmt" count="0"/>
      <line num="227" type="stmt" count="0"/>
      <line num="230" type="stmt" count="0"/>
      <line num="231" type="stmt" count="0"/>
      <line num="232" type="stmt" count="0"/>
      <line num="233" type="stmt" count="0"/>
      <line num="235" type="stmt" count="0"/>
      <line num="237" type="stmt" count="0"/>
      <line num="238" type="stmt" count="0"/>
      <line num="239" type="stmt" count="0"/>
      <line num="241" type="stmt" count="0"/>
      <line num="242" type="stmt" count="0"/>
      <line num="251" type="method" name="to_html" visibility="public" complexity="7" crap="56" count="0"/>
      <line num="252" type="stmt" count="0"/>
      <line num="255" type="stmt" count="0"/>
      <line num="256" type="stmt" count="0"/>
      <line num="257" type="stmt" count="0"/>
      <line num="258" type="stmt" count="0"/>
      <line num="261" type="stmt" count="0"/>
      <line num="262" type="stmt" count="0"/>
      <line num="263" type="stmt" count="0"/>
      <line num="264" type="stmt" count="0"/>
      <line num="267" type="stmt" count="0"/>
      <line num="268" type="stmt" count="0"/>
      <line num="270" type="stmt" count="0"/>
      <line num="271" type="stmt" count="0"/>
      <line num="272" type="stmt" count="0"/>
      <line num="273" type="stmt" count="0"/>
      <line num="275" type="stmt" count="0"/>
      <line num="276" type="stmt" count="0"/>
      <line num="277" type="stmt" count="0"/>
      <line num="280" type="stmt" count="0"/>
      <line num="282" type="stmt" count="0"/>
      <line num="284" type="stmt" count="0"/>
      <line num="285" type="stmt" count="0"/>
      <line num="288" type="stmt" count="0"/>
      <line num="290" type="stmt" count="0"/>
      <line num="291" type="stmt" count="0"/>
      <line num="293" type="stmt" count="0"/>
      <line num="294" type="stmt" count="0"/>
      <line num="306" type="method" name="to_csv" visibility="public" complexity="11" crap="132" count="0"/>
      <line num="307" type="stmt" count="0"/>
      <line num="309" type="stmt" count="0"/>
      <line num="310" type="stmt" count="0"/>
      <line num="311" type="stmt" count="0"/>
      <line num="312" type="stmt" count="0"/>
      <line num="313" type="stmt" count="0"/>
      <line num="317" type="stmt" count="0"/>
      <line num="318" type="stmt" count="0"/>
      <line num="319" type="stmt" count="0"/>
      <line num="320" type="stmt" count="0"/>
      <line num="323" type="stmt" count="0"/>
      <line num="324" type="stmt" count="0"/>
      <line num="325" type="stmt" count="0"/>
      <line num="326" type="stmt" count="0"/>
      <line num="329" type="stmt" count="0"/>
      <line num="330" type="stmt" count="0"/>
      <line num="331" type="stmt" count="0"/>
      <line num="332" type="stmt" count="0"/>
      <line num="335" type="stmt" count="0"/>
      <line num="336" type="stmt" count="0"/>
      <line num="337" type="stmt" count="0"/>
      <line num="338" type="stmt" count="0"/>
      <line num="341" type="stmt" count="0"/>
      <line num="342" type="stmt" count="0"/>
      <line num="344" type="stmt" count="0"/>
      <line num="345" type="stmt" count="0"/>
      <line num="346" type="stmt" count="0"/>
      <line num="347" type="stmt" count="0"/>
      <line num="349" type="stmt" count="0"/>
      <line num="350" type="stmt" count="0"/>
      <line num="351" type="stmt" count="0"/>
      <line num="354" type="stmt" count="0"/>
      <line num="356" type="stmt" count="0"/>
      <line num="357" type="stmt" count="0"/>
      <line num="360" type="stmt" count="0"/>
      <line num="361" type="stmt" count="0"/>
      <line num="362" type="stmt" count="0"/>
      <line num="363" type="stmt" count="0"/>
      <line num="367" type="stmt" count="0"/>
      <line num="370" type="stmt" count="0"/>
      <line num="371" type="stmt" count="0"/>
      <line num="374" type="stmt" count="0"/>
      <line num="377" type="stmt" count="0"/>
      <line num="380" type="stmt" count="0"/>
      <line num="382" type="stmt" count="0"/>
      <line num="383" type="stmt" count="0"/>
      <line num="392" type="method" name="to_json" visibility="public" complexity="5" crap="30" count="0"/>
      <line num="393" type="stmt" count="0"/>
      <line num="396" type="stmt" count="0"/>
      <line num="397" type="stmt" count="0"/>
      <line num="398" type="stmt" count="0"/>
      <line num="399" type="stmt" count="0"/>
      <line num="402" type="stmt" count="0"/>
      <line num="404" type="stmt" count="0"/>
      <line num="405" type="stmt" count="0"/>
      <line num="406" type="stmt" count="0"/>
      <line num="407" type="stmt" count="0"/>
      <line num="410" type="stmt" count="0"/>
      <line num="411" type="stmt" count="0"/>
      <line num="413" type="stmt" count="0"/>
      <line num="414" type="stmt" count="0"/>
      <line num="418" type="stmt" count="0"/>
      <line num="420" type="stmt" count="0"/>
      <line num="421" type="stmt" count="0"/>
      <line num="430" type="method" name="to_serialized" visibility="public" complexity="3" crap="12" count="0"/>
      <line num="431" type="stmt" count="0"/>
      <line num="434" type="stmt" count="0"/>
      <line num="435" type="stmt" count="0"/>
      <line num="436" type="stmt" count="0"/>
      <line num="437" type="stmt" count="0"/>
      <line num="439" type="stmt" count="0"/>
      <line num="440" type="stmt" count="0"/>
      <line num="449" type="method" name="to_php" visibility="public" complexity="3" crap="12" count="0"/>
      <line num="450" type="stmt" count="0"/>
      <line num="453" type="stmt" count="0"/>
      <line num="454" type="stmt" count="0"/>
      <line num="455" type="stmt" count="0"/>
      <line num="456" type="stmt" count="0"/>
      <line num="458" type="stmt" count="0"/>
      <line num="459" type="stmt" count="0"/>
      <line num="467" type="method" name="_from_xml" visibility="protected" complexity="2" crap="6" count="0"/>
      <line num="468" type="stmt" count="0"/>
      <line num="469" type="stmt" count="0"/>
      <line num="470" type="stmt" count="0"/>
      <line num="481" type="method" name="_from_csv" visibility="protected" complexity="3" crap="12" count="0"/>
      <line num="482" type="stmt" count="0"/>
      <line num="484" type="stmt" count="0"/>
      <line num="485" type="stmt" count="0"/>
      <line num="486" type="stmt" count="0"/>
      <line num="487" type="stmt" count="0"/>
      <line num="490" type="stmt" count="0"/>
      <line num="491" type="stmt" count="0"/>
      <line num="492" type="stmt" count="0"/>
      <line num="493" type="stmt" count="0"/>
      <line num="495" type="stmt" count="0"/>
      <line num="496" type="stmt" count="0"/>
      <line num="502" type="method" name="_from_json" visibility="protected" complexity="1" crap="2" count="0"/>
      <line num="503" type="stmt" count="0"/>
      <line num="504" type="stmt" count="0"/>
      <line num="505" type="stmt" count="0"/>
      <line num="511" type="method" name="_from_serialize" visibility="protected" complexity="1" crap="2" count="0"/>
      <line num="512" type="stmt" count="0"/>
      <line num="513" type="stmt" count="0"/>
      <line num="514" type="stmt" count="0"/>
      <line num="520" type="method" name="_from_php" visibility="protected" complexity="1" crap="2" count="0"/>
      <line num="521" type="stmt" count="0"/>
      <line num="522" type="stmt" count="0"/>
      <line num="523" type="stmt" count="0"/>
      <metrics loc="523" ncloc="262" classes="1" methods="14" coveredmethods="0" conditionals="0" coveredconditionals="0" statements="219" coveredstatements="0" elements="233" coveredelements="0"/>
    </file>
    <file name="/Applications/MAMP/htdocs/expo/application/libraries/MY_Form_validation.php">
      <class name="MY_Form_validation" namespace="global" fullPackage="MY.Form">
        <metrics complexity="0" methods="0" coveredmethods="0" conditionals="0" coveredconditionals="0" statements="0" coveredstatements="0" elements="0" coveredelements="0"/>
      </class>
      <metrics loc="6" ncloc="4" classes="1" methods="0" coveredmethods="0" conditionals="0" coveredconditionals="0" statements="0" coveredstatements="0" elements="0" coveredelements="0"/>
    </file>
    <file name="/Applications/MAMP/htdocs/expo/application/libraries/REST_Controller.php">
      <class name="REST_Controller" namespace="global" fullPackage="CodeIgniter.Libraries" category="Libraries" package="CodeIgniter" subpackage="Libraries">
        <metrics complexity="268" methods="47" coveredmethods="0" conditionals="0" coveredconditionals="0" statements="1022" coveredstatements="0" elements="1069" coveredelements="0"/>
      </class>
      <line num="3" type="stmt" count="0"/>
      <line num="368" type="method" name="early_checks" visibility="protected" complexity="1" crap="2" count="0"/>
      <line num="369" type="stmt" count="0"/>
      <line num="370" type="stmt" count="0"/>
      <line num="380" type="method" name="__construct" visibility="public" complexity="27" crap="756" count="0"/>
      <line num="381" type="stmt" count="0"/>
      <line num="382" type="stmt" count="0"/>
      <line num="384" type="stmt" count="0"/>
      <line num="387" type="stmt" count="0"/>
      <line num="391" type="stmt" count="0"/>
      <line num="394" type="stmt" count="0"/>
      <line num="397" type="stmt" count="0"/>
      <line num="400" type="stmt" count="0"/>
      <line num="403" type="stmt" count="0"/>
      <line num="406" type="stmt" count="0"/>
      <line num="407" type="stmt" count="0"/>
      <line num="408" type="stmt" count="0"/>
      <line num="409" type="stmt" count="0"/>
      <line num="411" type="stmt" count="0"/>
      <line num="412" type="stmt" count="0"/>
      <line num="413" type="stmt" count="0"/>
      <line num="414" type="stmt" count="0"/>
      <line num="417" type="stmt" count="0"/>
      <line num="418" type="stmt" count="0"/>
      <line num="419" type="stmt" count="0"/>
      <line num="420" type="stmt" count="0"/>
      <line num="421" type="stmt" count="0"/>
      <line num="424" type="stmt" count="0"/>
      <line num="427" type="stmt" count="0"/>
      <line num="428" type="stmt" count="0"/>
      <line num="429" type="stmt" count="0"/>
      <line num="430" type="stmt" count="0"/>
      <line num="431" type="stmt" count="0"/>
      <line num="434" type="stmt" count="0"/>
      <line num="437" type="stmt" count="0"/>
      <line num="438" type="stmt" count="0"/>
      <line num="439" type="stmt" count="0"/>
      <line num="442" type="stmt" count="0"/>
      <line num="443" type="stmt" count="0"/>
      <line num="444" type="stmt" count="0"/>
      <line num="445" type="stmt" count="0"/>
      <line num="448" type="stmt" count="0"/>
      <line num="451" type="stmt" count="0"/>
      <line num="454" type="stmt" count="0"/>
      <line num="455" type="stmt" count="0"/>
      <line num="456" type="stmt" count="0"/>
      <line num="457" type="stmt" count="0"/>
      <line num="458" type="stmt" count="0"/>
      <line num="461" type="stmt" count="0"/>
      <line num="462" type="stmt" count="0"/>
      <line num="463" type="stmt" count="0"/>
      <line num="464" type="stmt" count="0"/>
      <line num="467" type="stmt" count="0"/>
      <line num="470" type="stmt" count="0"/>
      <line num="473" type="stmt" count="0"/>
      <line num="476" type="stmt" count="0"/>
      <line num="478" type="stmt" count="0"/>
      <line num="481" type="stmt" count="0"/>
      <line num="482" type="stmt" count="0"/>
      <line num="483" type="stmt" count="0"/>
      <line num="485" type="stmt" count="0"/>
      <line num="486" type="stmt" count="0"/>
      <line num="489" type="stmt" count="0"/>
      <line num="492" type="stmt" count="0"/>
      <line num="493" type="stmt" count="0"/>
      <line num="494" type="stmt" count="0"/>
      <line num="495" type="stmt" count="0"/>
      <line num="496" type="stmt" count="0"/>
      <line num="497" type="stmt" count="0"/>
      <line num="498" type="stmt" count="0"/>
      <line num="499" type="stmt" count="0"/>
      <line num="500" type="stmt" count="0"/>
      <line num="501" type="stmt" count="0"/>
      <line num="504" type="stmt" count="0"/>
      <line num="507" type="stmt" count="0"/>
      <line num="510" type="stmt" count="0"/>
      <line num="513" type="stmt" count="0"/>
      <line num="514" type="stmt" count="0"/>
      <line num="515" type="stmt" count="0"/>
      <line num="516" type="stmt" count="0"/>
      <line num="519" type="stmt" count="0"/>
      <line num="520" type="stmt" count="0"/>
      <line num="521" type="stmt" count="0"/>
      <line num="522" type="stmt" count="0"/>
      <line num="526" type="stmt" count="0"/>
      <line num="530" type="stmt" count="0"/>
      <line num="531" type="stmt" count="0"/>
      <line num="532" type="stmt" count="0"/>
      <line num="533" type="stmt" count="0"/>
      <line num="536" type="stmt" count="0"/>
      <line num="537" type="stmt" count="0"/>
      <line num="539" type="stmt" count="0"/>
      <line num="540" type="stmt" count="0"/>
      <line num="541" type="stmt" count="0"/>
      <line num="542" type="stmt" count="0"/>
      <line num="543" type="stmt" count="0"/>
      <line num="546" type="stmt" count="0"/>
      <line num="547" type="stmt" count="0"/>
      <line num="548" type="stmt" count="0"/>
      <line num="549" type="stmt" count="0"/>
      <line num="550" type="stmt" count="0"/>
      <line num="551" type="stmt" count="0"/>
      <line num="552" type="stmt" count="0"/>
      <line num="553" type="stmt" count="0"/>
      <line num="554" type="stmt" count="0"/>
      <line num="555" type="stmt" count="0"/>
      <line num="556" type="stmt" count="0"/>
      <line num="557" type="stmt" count="0"/>
      <line num="558" type="stmt" count="0"/>
      <line num="559" type="stmt" count="0"/>
      <line num="560" type="stmt" count="0"/>
      <line num="561" type="stmt" count="0"/>
      <line num="562" type="stmt" count="0"/>
      <line num="563" type="stmt" count="0"/>
      <line num="564" type="stmt" count="0"/>
      <line num="565" type="stmt" count="0"/>
      <line num="566" type="stmt" count="0"/>
      <line num="567" type="stmt" count="0"/>
      <line num="568" type="stmt" count="0"/>
      <line num="577" type="method" name="__destruct" visibility="public" complexity="2" crap="6" count="0"/>
      <line num="578" type="stmt" count="0"/>
      <line num="580" type="stmt" count="0"/>
      <line num="583" type="stmt" count="0"/>
      <line num="584" type="stmt" count="0"/>
      <line num="585" type="stmt" count="0"/>
      <line num="586" type="stmt" count="0"/>
      <line num="587" type="stmt" count="0"/>
      <line num="595" type="method" name="preflight_checks" visibility="protected" complexity="3" crap="12" count="0"/>
      <line num="596" type="stmt" count="0"/>
      <line num="598" type="stmt" count="0"/>
      <line num="599" type="stmt" count="0"/>
      <line num="601" type="stmt" count="0"/>
      <line num="602" type="stmt" count="0"/>
      <line num="605" type="stmt" count="0"/>
      <line num="606" type="stmt" count="0"/>
      <line num="607" type="stmt" count="0"/>
      <line num="608" type="stmt" count="0"/>
      <line num="609" type="stmt" count="0"/>
      <line num="620" type="method" name="_remap" visibility="public" complexity="31" crap="992" count="0"/>
      <line num="621" type="stmt" count="0"/>
      <line num="623" type="stmt" count="0"/>
      <line num="624" type="stmt" count="0"/>
      <line num="625" type="stmt" count="0"/>
      <line num="626" type="stmt" count="0"/>
      <line num="627" type="stmt" count="0"/>
      <line num="628" type="stmt" count="0"/>
      <line num="629" type="stmt" count="0"/>
      <line num="632" type="stmt" count="0"/>
      <line num="634" type="stmt" count="0"/>
      <line num="637" type="stmt" count="0"/>
      <line num="640" type="stmt" count="0"/>
      <line num="643" type="stmt" count="0"/>
      <line num="644" type="stmt" count="0"/>
      <line num="645" type="stmt" count="0"/>
      <line num="646" type="stmt" count="0"/>
      <line num="647" type="stmt" count="0"/>
      <line num="648" type="stmt" count="0"/>
      <line num="650" type="stmt" count="0"/>
      <line num="651" type="stmt" count="0"/>
      <line num="652" type="stmt" count="0"/>
      <line num="653" type="stmt" count="0"/>
      <line num="654" type="stmt" count="0"/>
      <line num="657" type="stmt" count="0"/>
      <line num="658" type="stmt" count="0"/>
      <line num="659" type="stmt" count="0"/>
      <line num="660" type="stmt" count="0"/>
      <line num="661" type="stmt" count="0"/>
      <line num="662" type="stmt" count="0"/>
      <line num="664" type="stmt" count="0"/>
      <line num="665" type="stmt" count="0"/>
      <line num="666" type="stmt" count="0"/>
      <line num="667" type="stmt" count="0"/>
      <line num="668" type="stmt" count="0"/>
      <line num="671" type="stmt" count="0"/>
      <line num="672" type="stmt" count="0"/>
      <line num="673" type="stmt" count="0"/>
      <line num="674" type="stmt" count="0"/>
      <line num="675" type="stmt" count="0"/>
      <line num="676" type="stmt" count="0"/>
      <line num="677" type="stmt" count="0"/>
      <line num="680" type="stmt" count="0"/>
      <line num="681" type="stmt" count="0"/>
      <line num="683" type="stmt" count="0"/>
      <line num="684" type="stmt" count="0"/>
      <line num="685" type="stmt" count="0"/>
      <line num="686" type="stmt" count="0"/>
      <line num="687" type="stmt" count="0"/>
      <line num="690" type="stmt" count="0"/>
      <line num="693" type="stmt" count="0"/>
      <line num="695" type="stmt" count="0"/>
      <line num="696" type="stmt" count="0"/>
      <line num="697" type="stmt" count="0"/>
      <line num="698" type="stmt" count="0"/>
      <line num="699" type="stmt" count="0"/>
      <line num="700" type="stmt" count="0"/>
      <line num="702" type="stmt" count="0"/>
      <line num="703" type="stmt" count="0"/>
      <line num="704" type="stmt" count="0"/>
      <line num="705" type="stmt" count="0"/>
      <line num="708" type="stmt" count="0"/>
      <line num="709" type="stmt" count="0"/>
      <line num="710" type="stmt" count="0"/>
      <line num="711" type="stmt" count="0"/>
      <line num="712" type="stmt" count="0"/>
      <line num="715" type="stmt" count="0"/>
      <line num="716" type="stmt" count="0"/>
      <line num="717" type="stmt" count="0"/>
      <line num="718" type="stmt" count="0"/>
      <line num="721" type="stmt" count="0"/>
      <line num="722" type="stmt" count="0"/>
      <line num="723" type="stmt" count="0"/>
      <line num="724" type="stmt" count="0"/>
      <line num="725" type="stmt" count="0"/>
      <line num="726" type="stmt" count="0"/>
      <line num="728" type="stmt" count="0"/>
      <line num="729" type="stmt" count="0"/>
      <line num="730" type="stmt" count="0"/>
      <line num="731" type="stmt" count="0"/>
      <line num="732" type="stmt" count="0"/>
      <line num="733" type="stmt" count="0"/>
      <line num="734" type="stmt" count="0"/>
      <line num="735" type="stmt" count="0"/>
      <line num="736" type="stmt" count="0"/>
      <line num="747" type="method" name="response" visibility="public" complexity="12" crap="156" count="0"/>
      <line num="748" type="stmt" count="0"/>
      <line num="750" type="stmt" count="0"/>
      <line num="751" type="stmt" count="0"/>
      <line num="753" type="stmt" count="0"/>
      <line num="754" type="stmt" count="0"/>
      <line num="757" type="stmt" count="0"/>
      <line num="760" type="stmt" count="0"/>
      <line num="761" type="stmt" count="0"/>
      <line num="762" type="stmt" count="0"/>
      <line num="763" type="stmt" count="0"/>
      <line num="766" type="stmt" count="0"/>
      <line num="767" type="stmt" count="0"/>
      <line num="769" type="stmt" count="0"/>
      <line num="770" type="stmt" count="0"/>
      <line num="772" type="stmt" count="0"/>
      <line num="773" type="stmt" count="0"/>
      <line num="777" type="stmt" count="0"/>
      <line num="778" type="stmt" count="0"/>
      <line num="779" type="stmt" count="0"/>
      <line num="780" type="stmt" count="0"/>
      <line num="781" type="stmt" count="0"/>
      <line num="782" type="stmt" count="0"/>
      <line num="783" type="stmt" count="0"/>
      <line num="785" type="stmt" count="0"/>
      <line num="786" type="stmt" count="0"/>
      <line num="787" type="stmt" count="0"/>
      <line num="788" type="stmt" count="0"/>
      <line num="791" type="stmt" count="0"/>
      <line num="792" type="stmt" count="0"/>
      <line num="793" type="stmt" count="0"/>
      <line num="798" type="stmt" count="0"/>
      <line num="800" type="stmt" count="0"/>
      <line num="803" type="stmt" count="0"/>
      <line num="804" type="stmt" count="0"/>
      <line num="805" type="stmt" count="0"/>
      <line num="806" type="stmt" count="0"/>
      <line num="809" type="stmt" count="0"/>
      <line num="811" type="stmt" count="0"/>
      <line num="812" type="stmt" count="0"/>
      <line num="814" type="stmt" count="0"/>
      <line num="815" type="stmt" count="0"/>
      <line num="816" type="stmt" count="0"/>
      <line num="819" type="stmt" count="0"/>
      <line num="831" type="method" name="set_response" visibility="public" complexity="1" crap="2" count="0"/>
      <line num="832" type="stmt" count="0"/>
      <line num="833" type="stmt" count="0"/>
      <line num="834" type="stmt" count="0"/>
      <line num="842" type="method" name="_detect_input_format" visibility="protected" complexity="5" crap="30" count="0"/>
      <line num="843" type="stmt" count="0"/>
      <line num="845" type="stmt" count="0"/>
      <line num="847" type="stmt" count="0"/>
      <line num="848" type="stmt" count="0"/>
      <line num="851" type="stmt" count="0"/>
      <line num="854" type="stmt" count="0"/>
      <line num="855" type="stmt" count="0"/>
      <line num="860" type="stmt" count="0"/>
      <line num="861" type="stmt" count="0"/>
      <line num="862" type="stmt" count="0"/>
      <line num="863" type="stmt" count="0"/>
      <line num="864" type="stmt" count="0"/>
      <line num="865" type="stmt" count="0"/>
      <line num="867" type="stmt" count="0"/>
      <line num="868" type="stmt" count="0"/>
      <line num="878" type="method" name="_get_default_output_format" visibility="protected" complexity="2" crap="6" count="0"/>
      <line num="879" type="stmt" count="0"/>
      <line num="880" type="stmt" count="0"/>
      <line num="881" type="stmt" count="0"/>
      <line num="882" type="stmt" count="0"/>
      <line num="890" type="method" name="_detect_output_format" visibility="protected" complexity="15" crap="240" count="0"/>
      <line num="891" type="stmt" count="0"/>
      <line num="893" type="stmt" count="0"/>
      <line num="894" type="stmt" count="0"/>
      <line num="897" type="stmt" count="0"/>
      <line num="898" type="stmt" count="0"/>
      <line num="899" type="stmt" count="0"/>
      <line num="900" type="stmt" count="0"/>
      <line num="903" type="stmt" count="0"/>
      <line num="904" type="stmt" count="0"/>
      <line num="905" type="stmt" count="0"/>
      <line num="907" type="stmt" count="0"/>
      <line num="908" type="stmt" count="0"/>
      <line num="909" type="stmt" count="0"/>
      <line num="910" type="stmt" count="0"/>
      <line num="911" type="stmt" count="0"/>
      <line num="914" type="stmt" count="0"/>
      <line num="917" type="stmt" count="0"/>
      <line num="918" type="stmt" count="0"/>
      <line num="920" type="stmt" count="0"/>
      <line num="921" type="stmt" count="0"/>
      <line num="923" type="stmt" count="0"/>
      <line num="924" type="stmt" count="0"/>
      <line num="925" type="stmt" count="0"/>
      <line num="926" type="stmt" count="0"/>
      <line num="928" type="stmt" count="0"/>
      <line num="929" type="stmt" count="0"/>
      <line num="930" type="stmt" count="0"/>
      <line num="931" type="stmt" count="0"/>
      <line num="934" type="stmt" count="0"/>
      <line num="935" type="stmt" count="0"/>
      <line num="936" type="stmt" count="0"/>
      <line num="937" type="stmt" count="0"/>
      <line num="939" type="stmt" count="0"/>
      <line num="940" type="stmt" count="0"/>
      <line num="941" type="stmt" count="0"/>
      <line num="942" type="stmt" count="0"/>
      <line num="943" type="stmt" count="0"/>
      <line num="946" type="stmt" count="0"/>
      <line num="947" type="stmt" count="0"/>
      <line num="948" type="stmt" count="0"/>
      <line num="949" type="stmt" count="0"/>
      <line num="952" type="stmt" count="0"/>
      <line num="953" type="stmt" count="0"/>
      <line num="961" type="method" name="_detect_method" visibility="protected" complexity="6" crap="42" count="0"/>
      <line num="962" type="stmt" count="0"/>
      <line num="964" type="stmt" count="0"/>
      <line num="967" type="stmt" count="0"/>
      <line num="968" type="stmt" count="0"/>
      <line num="969" type="stmt" count="0"/>
      <line num="970" type="stmt" count="0"/>
      <line num="971" type="stmt" count="0"/>
      <line num="972" type="stmt" count="0"/>
      <line num="973" type="stmt" count="0"/>
      <line num="975" type="stmt" count="0"/>
      <line num="976" type="stmt" count="0"/>
      <line num="978" type="stmt" count="0"/>
      <line num="979" type="stmt" count="0"/>
      <line num="981" type="stmt" count="0"/>
      <line num="982" type="stmt" count="0"/>
      <line num="984" type="stmt" count="0"/>
      <line num="985" type="stmt" count="0"/>
      <line num="993" type="method" name="_detect_api_key" visibility="protected" complexity="11" crap="132" count="0"/>
      <line num="994" type="stmt" count="0"/>
      <line num="996" type="stmt" count="0"/>
      <line num="999" type="stmt" count="0"/>
      <line num="1001" type="stmt" count="0"/>
      <line num="1002" type="stmt" count="0"/>
      <line num="1003" type="stmt" count="0"/>
      <line num="1004" type="stmt" count="0"/>
      <line num="1007" type="stmt" count="0"/>
      <line num="1008" type="stmt" count="0"/>
      <line num="1009" type="stmt" count="0"/>
      <line num="1010" type="stmt" count="0"/>
      <line num="1011" type="stmt" count="0"/>
      <line num="1012" type="stmt" count="0"/>
      <line num="1014" type="stmt" count="0"/>
      <line num="1016" type="stmt" count="0"/>
      <line num="1017" type="stmt" count="0"/>
      <line num="1018" type="stmt" count="0"/>
      <line num="1020" type="stmt" count="0"/>
      <line num="1026" type="stmt" count="0"/>
      <line num="1027" type="stmt" count="0"/>
      <line num="1029" type="stmt" count="0"/>
      <line num="1030" type="stmt" count="0"/>
      <line num="1032" type="stmt" count="0"/>
      <line num="1033" type="stmt" count="0"/>
      <line num="1035" type="stmt" count="0"/>
      <line num="1036" type="stmt" count="0"/>
      <line num="1037" type="stmt" count="0"/>
      <line num="1038" type="stmt" count="0"/>
      <line num="1040" type="stmt" count="0"/>
      <line num="1041" type="stmt" count="0"/>
      <line num="1042" type="stmt" count="0"/>
      <line num="1043" type="stmt" count="0"/>
      <line num="1045" type="stmt" count="0"/>
      <line num="1046" type="stmt" count="0"/>
      <line num="1047" type="stmt" count="0"/>
      <line num="1048" type="stmt" count="0"/>
      <line num="1050" type="stmt" count="0"/>
      <line num="1051" type="stmt" count="0"/>
      <line num="1052" type="stmt" count="0"/>
      <line num="1054" type="stmt" count="0"/>
      <line num="1055" type="stmt" count="0"/>
      <line num="1058" type="stmt" count="0"/>
      <line num="1059" type="stmt" count="0"/>
      <line num="1067" type="method" name="_detect_lang" visibility="protected" complexity="4" crap="20" count="0"/>
      <line num="1068" type="stmt" count="0"/>
      <line num="1069" type="stmt" count="0"/>
      <line num="1070" type="stmt" count="0"/>
      <line num="1071" type="stmt" count="0"/>
      <line num="1072" type="stmt" count="0"/>
      <line num="1073" type="stmt" count="0"/>
      <line num="1076" type="stmt" count="0"/>
      <line num="1077" type="stmt" count="0"/>
      <line num="1078" type="stmt" count="0"/>
      <line num="1080" type="stmt" count="0"/>
      <line num="1081" type="stmt" count="0"/>
      <line num="1082" type="stmt" count="0"/>
      <line num="1084" type="stmt" count="0"/>
      <line num="1085" type="stmt" count="0"/>
      <line num="1086" type="stmt" count="0"/>
      <line num="1088" type="stmt" count="0"/>
      <line num="1089" type="stmt" count="0"/>
      <line num="1092" type="stmt" count="0"/>
      <line num="1093" type="stmt" count="0"/>
      <line num="1102" type="method" name="_log_request" visibility="protected" complexity="4" crap="20" count="0"/>
      <line num="1103" type="stmt" count="0"/>
      <line num="1105" type="stmt" count="0"/>
      <line num="1106" type="stmt" count="0"/>
      <line num="1107" type="stmt" count="0"/>
      <line num="1108" type="stmt" count="0"/>
      <line num="1109" type="stmt" count="0"/>
      <line num="1110" type="stmt" count="0"/>
      <line num="1111" type="stmt" count="0"/>
      <line num="1112" type="stmt" count="0"/>
      <line num="1113" type="stmt" count="0"/>
      <line num="1114" type="stmt" count="0"/>
      <line num="1115" type="stmt" count="0"/>
      <line num="1118" type="stmt" count="0"/>
      <line num="1120" type="stmt" count="0"/>
      <line num="1121" type="stmt" count="0"/>
      <line num="1130" type="method" name="_check_limit" visibility="protected" complexity="13" crap="182" count="0"/>
      <line num="1131" type="stmt" count="0"/>
      <line num="1133" type="stmt" count="0"/>
      <line num="1134" type="stmt" count="0"/>
      <line num="1136" type="stmt" count="0"/>
      <line num="1137" type="stmt" count="0"/>
      <line num="1139" type="stmt" count="0"/>
      <line num="1141" type="stmt" count="0"/>
      <line num="1142" type="stmt" count="0"/>
      <line num="1143" type="stmt" count="0"/>
      <line num="1144" type="stmt" count="0"/>
      <line num="1145" type="stmt" count="0"/>
      <line num="1146" type="stmt" count="0"/>
      <line num="1148" type="stmt" count="0"/>
      <line num="1149" type="stmt" count="0"/>
      <line num="1150" type="stmt" count="0"/>
      <line num="1152" type="stmt" count="0"/>
      <line num="1153" type="stmt" count="0"/>
      <line num="1154" type="stmt" count="0"/>
      <line num="1156" type="stmt" count="0"/>
      <line num="1157" type="stmt" count="0"/>
      <line num="1158" type="stmt" count="0"/>
      <line num="1159" type="stmt" count="0"/>
      <line num="1160" type="stmt" count="0"/>
      <line num="1161" type="stmt" count="0"/>
      <line num="1162" type="stmt" count="0"/>
      <line num="1163" type="stmt" count="0"/>
      <line num="1164" type="stmt" count="0"/>
      <line num="1165" type="stmt" count="0"/>
      <line num="1167" type="stmt" count="0"/>
      <line num="1168" type="stmt" count="0"/>
      <line num="1170" type="stmt" count="0"/>
      <line num="1171" type="stmt" count="0"/>
      <line num="1174" type="stmt" count="0"/>
      <line num="1176" type="stmt" count="0"/>
      <line num="1179" type="stmt" count="0"/>
      <line num="1180" type="stmt" count="0"/>
      <line num="1181" type="stmt" count="0"/>
      <line num="1182" type="stmt" count="0"/>
      <line num="1183" type="stmt" count="0"/>
      <line num="1186" type="stmt" count="0"/>
      <line num="1187" type="stmt" count="0"/>
      <line num="1189" type="stmt" count="0"/>
      <line num="1190" type="stmt" count="0"/>
      <line num="1191" type="stmt" count="0"/>
      <line num="1192" type="stmt" count="0"/>
      <line num="1193" type="stmt" count="0"/>
      <line num="1194" type="stmt" count="0"/>
      <line num="1195" type="stmt" count="0"/>
      <line num="1198" type="stmt" count="0"/>
      <line num="1199" type="stmt" count="0"/>
      <line num="1201" type="stmt" count="0"/>
      <line num="1202" type="stmt" count="0"/>
      <line num="1203" type="stmt" count="0"/>
      <line num="1204" type="stmt" count="0"/>
      <line num="1205" type="stmt" count="0"/>
      <line num="1206" type="stmt" count="0"/>
      <line num="1207" type="stmt" count="0"/>
      <line num="1210" type="stmt" count="0"/>
      <line num="1211" type="stmt" count="0"/>
      <line num="1213" type="stmt" count="0"/>
      <line num="1214" type="stmt" count="0"/>
      <line num="1215" type="stmt" count="0"/>
      <line num="1216" type="stmt" count="0"/>
      <line num="1219" type="stmt" count="0"/>
      <line num="1220" type="stmt" count="0"/>
      <line num="1221" type="stmt" count="0"/>
      <line num="1222" type="stmt" count="0"/>
      <line num="1223" type="stmt" count="0"/>
      <line num="1224" type="stmt" count="0"/>
      <line num="1226" type="stmt" count="0"/>
      <line num="1227" type="stmt" count="0"/>
      <line num="1235" type="method" name="_auth_override_check" visibility="protected" complexity="27" crap="756" count="0"/>
      <line num="1236" type="stmt" count="0"/>
      <line num="1238" type="stmt" count="0"/>
      <line num="1241" type="stmt" count="0"/>
      <line num="1242" type="stmt" count="0"/>
      <line num="1244" type="stmt" count="0"/>
      <line num="1245" type="stmt" count="0"/>
      <line num="1247" type="stmt" count="0"/>
      <line num="1248" type="stmt" count="0"/>
      <line num="1249" type="stmt" count="0"/>
      <line num="1250" type="stmt" count="0"/>
      <line num="1253" type="stmt" count="0"/>
      <line num="1254" type="stmt" count="0"/>
      <line num="1255" type="stmt" count="0"/>
      <line num="1257" type="stmt" count="0"/>
      <line num="1258" type="stmt" count="0"/>
      <line num="1261" type="stmt" count="0"/>
      <line num="1262" type="stmt" count="0"/>
      <line num="1263" type="stmt" count="0"/>
      <line num="1265" type="stmt" count="0"/>
      <line num="1266" type="stmt" count="0"/>
      <line num="1269" type="stmt" count="0"/>
      <line num="1270" type="stmt" count="0"/>
      <line num="1271" type="stmt" count="0"/>
      <line num="1273" type="stmt" count="0"/>
      <line num="1274" type="stmt" count="0"/>
      <line num="1277" type="stmt" count="0"/>
      <line num="1278" type="stmt" count="0"/>
      <line num="1279" type="stmt" count="0"/>
      <line num="1281" type="stmt" count="0"/>
      <line num="1282" type="stmt" count="0"/>
      <line num="1283" type="stmt" count="0"/>
      <line num="1286" type="stmt" count="0"/>
      <line num="1287" type="stmt" count="0"/>
      <line num="1289" type="stmt" count="0"/>
      <line num="1290" type="stmt" count="0"/>
      <line num="1291" type="stmt" count="0"/>
      <line num="1292" type="stmt" count="0"/>
      <line num="1295" type="stmt" count="0"/>
      <line num="1296" type="stmt" count="0"/>
      <line num="1297" type="stmt" count="0"/>
      <line num="1299" type="stmt" count="0"/>
      <line num="1300" type="stmt" count="0"/>
      <line num="1303" type="stmt" count="0"/>
      <line num="1304" type="stmt" count="0"/>
      <line num="1305" type="stmt" count="0"/>
      <line num="1307" type="stmt" count="0"/>
      <line num="1308" type="stmt" count="0"/>
      <line num="1311" type="stmt" count="0"/>
      <line num="1312" type="stmt" count="0"/>
      <line num="1313" type="stmt" count="0"/>
      <line num="1315" type="stmt" count="0"/>
      <line num="1316" type="stmt" count="0"/>
      <line num="1319" type="stmt" count="0"/>
      <line num="1320" type="stmt" count="0"/>
      <line num="1321" type="stmt" count="0"/>
      <line num="1323" type="stmt" count="0"/>
      <line num="1324" type="stmt" count="0"/>
      <line num="1325" type="stmt" count="0"/>
      <line num="1326" type="stmt" count="0"/>
      <line num="1329" type="stmt" count="0"/>
      <line num="1332" type="stmt" count="0"/>
      <line num="1333" type="stmt" count="0"/>
      <line num="1335" type="stmt" count="0"/>
      <line num="1336" type="stmt" count="0"/>
      <line num="1338" type="stmt" count="0"/>
      <line num="1339" type="stmt" count="0"/>
      <line num="1340" type="stmt" count="0"/>
      <line num="1341" type="stmt" count="0"/>
      <line num="1344" type="stmt" count="0"/>
      <line num="1345" type="stmt" count="0"/>
      <line num="1346" type="stmt" count="0"/>
      <line num="1348" type="stmt" count="0"/>
      <line num="1349" type="stmt" count="0"/>
      <line num="1352" type="stmt" count="0"/>
      <line num="1353" type="stmt" count="0"/>
      <line num="1354" type="stmt" count="0"/>
      <line num="1356" type="stmt" count="0"/>
      <line num="1357" type="stmt" count="0"/>
      <line num="1360" type="stmt" count="0"/>
      <line num="1361" type="stmt" count="0"/>
      <line num="1362" type="stmt" count="0"/>
      <line num="1364" type="stmt" count="0"/>
      <line num="1365" type="stmt" count="0"/>
      <line num="1368" type="stmt" count="0"/>
      <line num="1369" type="stmt" count="0"/>
      <line num="1370" type="stmt" count="0"/>
      <line num="1372" type="stmt" count="0"/>
      <line num="1373" type="stmt" count="0"/>
      <line num="1374" type="stmt" count="0"/>
      <line num="1377" type="stmt" count="0"/>
      <line num="1378" type="stmt" count="0"/>
      <line num="1380" type="stmt" count="0"/>
      <line num="1381" type="stmt" count="0"/>
      <line num="1382" type="stmt" count="0"/>
      <line num="1383" type="stmt" count="0"/>
      <line num="1386" type="stmt" count="0"/>
      <line num="1387" type="stmt" count="0"/>
      <line num="1388" type="stmt" count="0"/>
      <line num="1390" type="stmt" count="0"/>
      <line num="1391" type="stmt" count="0"/>
      <line num="1394" type="stmt" count="0"/>
      <line num="1395" type="stmt" count="0"/>
      <line num="1396" type="stmt" count="0"/>
      <line num="1398" type="stmt" count="0"/>
      <line num="1399" type="stmt" count="0"/>
      <line num="1402" type="stmt" count="0"/>
      <line num="1403" type="stmt" count="0"/>
      <line num="1404" type="stmt" count="0"/>
      <line num="1406" type="stmt" count="0"/>
      <line num="1407" type="stmt" count="0"/>
      <line num="1410" type="stmt" count="0"/>
      <line num="1411" type="stmt" count="0"/>
      <line num="1412" type="stmt" count="0"/>
      <line num="1414" type="stmt" count="0"/>
      <line num="1415" type="stmt" count="0"/>
      <line num="1416" type="stmt" count="0"/>
      <line num="1417" type="stmt" count="0"/>
      <line num="1418" type="stmt" count="0"/>
      <line num="1419" type="stmt" count="0"/>
      <line num="1427" type="method" name="_parse_get" visibility="protected" complexity="1" crap="2" count="0"/>
      <line num="1428" type="stmt" count="0"/>
      <line num="1430" type="stmt" count="0"/>
      <line num="1431" type="stmt" count="0"/>
      <line num="1439" type="method" name="_parse_post" visibility="protected" complexity="2" crap="6" count="0"/>
      <line num="1440" type="stmt" count="0"/>
      <line num="1441" type="stmt" count="0"/>
      <line num="1443" type="stmt" count="0"/>
      <line num="1444" type="stmt" count="0"/>
      <line num="1445" type="stmt" count="0"/>
      <line num="1446" type="stmt" count="0"/>
      <line num="1447" type="stmt" count="0"/>
      <line num="1455" type="method" name="_parse_put" visibility="protected" complexity="4" crap="20" count="0"/>
      <line num="1456" type="stmt" count="0"/>
      <line num="1457" type="stmt" count="0"/>
      <line num="1458" type="stmt" count="0"/>
      <line num="1459" type="stmt" count="0"/>
      <line num="1460" type="stmt" count="0"/>
      <line num="1461" type="stmt" count="0"/>
      <line num="1462" type="stmt" count="0"/>
      <line num="1463" type="stmt" count="0"/>
      <line num="1464" type="stmt" count="0"/>
      <line num="1465" type="stmt" count="0"/>
      <line num="1466" type="stmt" count="0"/>
      <line num="1468" type="stmt" count="0"/>
      <line num="1469" type="stmt" count="0"/>
      <line num="1470" type="stmt" count="0"/>
      <line num="1478" type="method" name="_parse_head" visibility="protected" complexity="1" crap="2" count="0"/>
      <line num="1479" type="stmt" count="0"/>
      <line num="1481" type="stmt" count="0"/>
      <line num="1484" type="stmt" count="0"/>
      <line num="1485" type="stmt" count="0"/>
      <line num="1493" type="method" name="_parse_options" visibility="protected" complexity="1" crap="2" count="0"/>
      <line num="1494" type="stmt" count="0"/>
      <line num="1496" type="stmt" count="0"/>
      <line num="1499" type="stmt" count="0"/>
      <line num="1500" type="stmt" count="0"/>
      <line num="1508" type="method" name="_parse_patch" visibility="protected" complexity="3" crap="12" count="0"/>
      <line num="1509" type="stmt" count="0"/>
      <line num="1511" type="stmt" count="0"/>
      <line num="1512" type="stmt" count="0"/>
      <line num="1513" type="stmt" count="0"/>
      <line num="1514" type="stmt" count="0"/>
      <line num="1515" type="stmt" count="0"/>
      <line num="1516" type="stmt" count="0"/>
      <line num="1518" type="stmt" count="0"/>
      <line num="1519" type="stmt" count="0"/>
      <line num="1520" type="stmt" count="0"/>
      <line num="1528" type="method" name="_parse_delete" visibility="protected" complexity="2" crap="6" count="0"/>
      <line num="1529" type="stmt" count="0"/>
      <line num="1531" type="stmt" count="0"/>
      <line num="1532" type="stmt" count="0"/>
      <line num="1533" type="stmt" count="0"/>
      <line num="1534" type="stmt" count="0"/>
      <line num="1535" type="stmt" count="0"/>
      <line num="1543" type="method" name="_parse_query" visibility="protected" complexity="1" crap="2" count="0"/>
      <line num="1544" type="stmt" count="0"/>
      <line num="1545" type="stmt" count="0"/>
      <line num="1546" type="stmt" count="0"/>
      <line num="1559" type="method" name="get" visibility="public" complexity="3" crap="12" count="0"/>
      <line num="1560" type="stmt" count="0"/>
      <line num="1561" type="stmt" count="0"/>
      <line num="1562" type="stmt" count="0"/>
      <line num="1563" type="stmt" count="0"/>
      <line num="1564" type="stmt" count="0"/>
      <line num="1566" type="stmt" count="0"/>
      <line num="1567" type="stmt" count="0"/>
      <line num="1578" type="method" name="options" visibility="public" complexity="3" crap="12" count="0"/>
      <line num="1579" type="stmt" count="0"/>
      <line num="1580" type="stmt" count="0"/>
      <line num="1581" type="stmt" count="0"/>
      <line num="1582" type="stmt" count="0"/>
      <line num="1583" type="stmt" count="0"/>
      <line num="1585" type="stmt" count="0"/>
      <line num="1586" type="stmt" count="0"/>
      <line num="1597" type="method" name="head" visibility="public" complexity="3" crap="12" count="0"/>
      <line num="1598" type="stmt" count="0"/>
      <line num="1599" type="stmt" count="0"/>
      <line num="1600" type="stmt" count="0"/>
      <line num="1601" type="stmt" count="0"/>
      <line num="1602" type="stmt" count="0"/>
      <line num="1604" type="stmt" count="0"/>
      <line num="1605" type="stmt" count="0"/>
      <line num="1616" type="method" name="post" visibility="public" complexity="3" crap="12" count="0"/>
      <line num="1617" type="stmt" count="0"/>
      <line num="1618" type="stmt" count="0"/>
      <line num="1619" type="stmt" count="0"/>
      <line num="1620" type="stmt" count="0"/>
      <line num="1621" type="stmt" count="0"/>
      <line num="1623" type="stmt" count="0"/>
      <line num="1624" type="stmt" count="0"/>
      <line num="1635" type="method" name="put" visibility="public" complexity="3" crap="12" count="0"/>
      <line num="1636" type="stmt" count="0"/>
      <line num="1637" type="stmt" count="0"/>
      <line num="1638" type="stmt" count="0"/>
      <line num="1639" type="stmt" count="0"/>
      <line num="1640" type="stmt" count="0"/>
      <line num="1642" type="stmt" count="0"/>
      <line num="1643" type="stmt" count="0"/>
      <line num="1654" type="method" name="delete" visibility="public" complexity="3" crap="12" count="0"/>
      <line num="1655" type="stmt" count="0"/>
      <line num="1656" type="stmt" count="0"/>
      <line num="1657" type="stmt" count="0"/>
      <line num="1658" type="stmt" count="0"/>
      <line num="1659" type="stmt" count="0"/>
      <line num="1661" type="stmt" count="0"/>
      <line num="1662" type="stmt" count="0"/>
      <line num="1673" type="method" name="patch" visibility="public" complexity="3" crap="12" count="0"/>
      <line num="1674" type="stmt" count="0"/>
      <line num="1675" type="stmt" count="0"/>
      <line num="1676" type="stmt" count="0"/>
      <line num="1677" type="stmt" count="0"/>
      <line num="1678" type="stmt" count="0"/>
      <line num="1680" type="stmt" count="0"/>
      <line num="1681" type="stmt" count="0"/>
      <line num="1692" type="method" name="query" visibility="public" complexity="3" crap="12" count="0"/>
      <line num="1693" type="stmt" count="0"/>
      <line num="1694" type="stmt" count="0"/>
      <line num="1695" type="stmt" count="0"/>
      <line num="1696" type="stmt" count="0"/>
      <line num="1697" type="stmt" count="0"/>
      <line num="1699" type="stmt" count="0"/>
      <line num="1700" type="stmt" count="0"/>
      <line num="1711" type="method" name="_xss_clean" visibility="protected" complexity="3" crap="12" count="0"/>
      <line num="1712" type="stmt" count="0"/>
      <line num="1713" type="stmt" count="0"/>
      <line num="1715" type="stmt" count="0"/>
      <line num="1716" type="stmt" count="0"/>
      <line num="1724" type="method" name="validation_errors" visibility="public" complexity="1" crap="2" count="0"/>
      <line num="1725" type="stmt" count="0"/>
      <line num="1726" type="stmt" count="0"/>
      <line num="1728" type="stmt" count="0"/>
      <line num="1729" type="stmt" count="0"/>
      <line num="1741" type="method" name="_perform_ldap_auth" visibility="protected" complexity="10" crap="110" count="0"/>
      <line num="1742" type="stmt" count="0"/>
      <line num="1743" type="stmt" count="0"/>
      <line num="1744" type="stmt" count="0"/>
      <line num="1745" type="stmt" count="0"/>
      <line num="1746" type="stmt" count="0"/>
      <line num="1747" type="stmt" count="0"/>
      <line num="1749" type="stmt" count="0"/>
      <line num="1751" type="stmt" count="0"/>
      <line num="1753" type="stmt" count="0"/>
      <line num="1754" type="stmt" count="0"/>
      <line num="1755" type="stmt" count="0"/>
      <line num="1756" type="stmt" count="0"/>
      <line num="1757" type="stmt" count="0"/>
      <line num="1758" type="stmt" count="0"/>
      <line num="1759" type="stmt" count="0"/>
      <line num="1760" type="stmt" count="0"/>
      <line num="1762" type="stmt" count="0"/>
      <line num="1765" type="stmt" count="0"/>
      <line num="1766" type="stmt" count="0"/>
      <line num="1767" type="stmt" count="0"/>
      <line num="1768" type="stmt" count="0"/>
      <line num="1770" type="stmt" count="0"/>
      <line num="1772" type="stmt" count="0"/>
      <line num="1775" type="stmt" count="0"/>
      <line num="1778" type="stmt" count="0"/>
      <line num="1779" type="stmt" count="0"/>
      <line num="1780" type="stmt" count="0"/>
      <line num="1781" type="stmt" count="0"/>
      <line num="1782" type="stmt" count="0"/>
      <line num="1784" type="stmt" count="0"/>
      <line num="1785" type="stmt" count="0"/>
      <line num="1788" type="stmt" count="0"/>
      <line num="1789" type="stmt" count="0"/>
      <line num="1790" type="stmt" count="0"/>
      <line num="1791" type="stmt" count="0"/>
      <line num="1792" type="stmt" count="0"/>
      <line num="1794" type="stmt" count="0"/>
      <line num="1795" type="stmt" count="0"/>
      <line num="1796" type="stmt" count="0"/>
      <line num="1797" type="stmt" count="0"/>
      <line num="1798" type="stmt" count="0"/>
      <line num="1800" type="stmt" count="0"/>
      <line num="1801" type="stmt" count="0"/>
      <line num="1802" type="stmt" count="0"/>
      <line num="1803" type="stmt" count="0"/>
      <line num="1804" type="stmt" count="0"/>
      <line num="1806" type="stmt" count="0"/>
      <line num="1807" type="stmt" count="0"/>
      <line num="1808" type="stmt" count="0"/>
      <line num="1809" type="stmt" count="0"/>
      <line num="1810" type="stmt" count="0"/>
      <line num="1813" type="stmt" count="0"/>
      <line num="1814" type="stmt" count="0"/>
      <line num="1815" type="stmt" count="0"/>
      <line num="1816" type="stmt" count="0"/>
      <line num="1817" type="stmt" count="0"/>
      <line num="1819" type="stmt" count="0"/>
      <line num="1821" type="stmt" count="0"/>
      <line num="1823" type="stmt" count="0"/>
      <line num="1825" type="stmt" count="0"/>
      <line num="1826" type="stmt" count="0"/>
      <line num="1836" type="method" name="_perform_library_auth" visibility="protected" complexity="5" crap="30" count="0"/>
      <line num="1837" type="stmt" count="0"/>
      <line num="1838" type="stmt" count="0"/>
      <line num="1839" type="stmt" count="0"/>
      <line num="1840" type="stmt" count="0"/>
      <line num="1841" type="stmt" count="0"/>
      <line num="1842" type="stmt" count="0"/>
      <line num="1844" type="stmt" count="0"/>
      <line num="1845" type="stmt" count="0"/>
      <line num="1847" type="stmt" count="0"/>
      <line num="1848" type="stmt" count="0"/>
      <line num="1849" type="stmt" count="0"/>
      <line num="1850" type="stmt" count="0"/>
      <line num="1851" type="stmt" count="0"/>
      <line num="1853" type="stmt" count="0"/>
      <line num="1854" type="stmt" count="0"/>
      <line num="1855" type="stmt" count="0"/>
      <line num="1856" type="stmt" count="0"/>
      <line num="1857" type="stmt" count="0"/>
      <line num="1859" type="stmt" count="0"/>
      <line num="1860" type="stmt" count="0"/>
      <line num="1861" type="stmt" count="0"/>
      <line num="1862" type="stmt" count="0"/>
      <line num="1864" type="stmt" count="0"/>
      <line num="1865" type="stmt" count="0"/>
      <line num="1875" type="method" name="_check_login" visibility="protected" complexity="10" crap="110" count="0"/>
      <line num="1876" type="stmt" count="0"/>
      <line num="1877" type="stmt" count="0"/>
      <line num="1878" type="stmt" count="0"/>
      <line num="1879" type="stmt" count="0"/>
      <line num="1880" type="stmt" count="0"/>
      <line num="1882" type="stmt" count="0"/>
      <line num="1883" type="stmt" count="0"/>
      <line num="1884" type="stmt" count="0"/>
      <line num="1886" type="stmt" count="0"/>
      <line num="1887" type="stmt" count="0"/>
      <line num="1889" type="stmt" count="0"/>
      <line num="1890" type="stmt" count="0"/>
      <line num="1892" type="stmt" count="0"/>
      <line num="1893" type="stmt" count="0"/>
      <line num="1894" type="stmt" count="0"/>
      <line num="1895" type="stmt" count="0"/>
      <line num="1897" type="stmt" count="0"/>
      <line num="1898" type="stmt" count="0"/>
      <line num="1899" type="stmt" count="0"/>
      <line num="1901" type="stmt" count="0"/>
      <line num="1902" type="stmt" count="0"/>
      <line num="1904" type="stmt" count="0"/>
      <line num="1905" type="stmt" count="0"/>
      <line num="1906" type="stmt" count="0"/>
      <line num="1908" type="stmt" count="0"/>
      <line num="1909" type="stmt" count="0"/>
      <line num="1911" type="stmt" count="0"/>
      <line num="1912" type="stmt" count="0"/>
      <line num="1913" type="stmt" count="0"/>
      <line num="1914" type="stmt" count="0"/>
      <line num="1916" type="stmt" count="0"/>
      <line num="1917" type="stmt" count="0"/>
      <line num="1918" type="stmt" count="0"/>
      <line num="1919" type="stmt" count="0"/>
      <line num="1921" type="stmt" count="0"/>
      <line num="1922" type="stmt" count="0"/>
      <line num="1930" type="method" name="_check_php_session" visibility="protected" complexity="2" crap="6" count="0"/>
      <line num="1931" type="stmt" count="0"/>
      <line num="1933" type="stmt" count="0"/>
      <line num="1936" type="stmt" count="0"/>
      <line num="1937" type="stmt" count="0"/>
      <line num="1939" type="stmt" count="0"/>
      <line num="1940" type="stmt" count="0"/>
      <line num="1941" type="stmt" count="0"/>
      <line num="1942" type="stmt" count="0"/>
      <line num="1943" type="stmt" count="0"/>
      <line num="1944" type="stmt" count="0"/>
      <line num="1952" type="method" name="_prepare_basic_auth" visibility="protected" complexity="6" crap="42" count="0"/>
      <line num="1953" type="stmt" count="0"/>
      <line num="1955" type="stmt" count="0"/>
      <line num="1956" type="stmt" count="0"/>
      <line num="1957" type="stmt" count="0"/>
      <line num="1958" type="stmt" count="0"/>
      <line num="1961" type="stmt" count="0"/>
      <line num="1962" type="stmt" count="0"/>
      <line num="1964" type="stmt" count="0"/>
      <line num="1965" type="stmt" count="0"/>
      <line num="1966" type="stmt" count="0"/>
      <line num="1967" type="stmt" count="0"/>
      <line num="1968" type="stmt" count="0"/>
      <line num="1969" type="stmt" count="0"/>
      <line num="1970" type="stmt" count="0"/>
      <line num="1973" type="stmt" count="0"/>
      <line num="1974" type="stmt" count="0"/>
      <line num="1976" type="stmt" count="0"/>
      <line num="1977" type="stmt" count="0"/>
      <line num="1978" type="stmt" count="0"/>
      <line num="1981" type="stmt" count="0"/>
      <line num="1982" type="stmt" count="0"/>
      <line num="1983" type="stmt" count="0"/>
      <line num="1984" type="stmt" count="0"/>
      <line num="1985" type="stmt" count="0"/>
      <line num="1993" type="method" name="_prepare_digest_auth" visibility="protected" complexity="9" crap="90" count="0"/>
      <line num="1994" type="stmt" count="0"/>
      <line num="1996" type="stmt" count="0"/>
      <line num="1997" type="stmt" count="0"/>
      <line num="1998" type="stmt" count="0"/>
      <line num="1999" type="stmt" count="0"/>
      <line num="2003" type="stmt" count="0"/>
      <line num="2004" type="stmt" count="0"/>
      <line num="2005" type="stmt" count="0"/>
      <line num="2006" type="stmt" count="0"/>
      <line num="2007" type="stmt" count="0"/>
      <line num="2009" type="stmt" count="0"/>
      <line num="2013" type="stmt" count="0"/>
      <line num="2014" type="stmt" count="0"/>
      <line num="2015" type="stmt" count="0"/>
      <line num="2016" type="stmt" count="0"/>
      <line num="2019" type="stmt" count="0"/>
      <line num="2020" type="stmt" count="0"/>
      <line num="2021" type="stmt" count="0"/>
      <line num="2024" type="stmt" count="0"/>
      <line num="2025" type="stmt" count="0"/>
      <line num="2026" type="stmt" count="0"/>
      <line num="2027" type="stmt" count="0"/>
      <line num="2028" type="stmt" count="0"/>
      <line num="2030" type="stmt" count="0"/>
      <line num="2031" type="stmt" count="0"/>
      <line num="2034" type="stmt" count="0"/>
      <line num="2035" type="stmt" count="0"/>
      <line num="2037" type="stmt" count="0"/>
      <line num="2038" type="stmt" count="0"/>
      <line num="2039" type="stmt" count="0"/>
      <line num="2040" type="stmt" count="0"/>
      <line num="2041" type="stmt" count="0"/>
      <line num="2042" type="stmt" count="0"/>
      <line num="2050" type="method" name="_check_blacklist_auth" visibility="protected" complexity="2" crap="6" count="0"/>
      <line num="2051" type="stmt" count="0"/>
      <line num="2053" type="stmt" count="0"/>
      <line num="2056" type="stmt" count="0"/>
      <line num="2057" type="stmt" count="0"/>
      <line num="2059" type="stmt" count="0"/>
      <line num="2060" type="stmt" count="0"/>
      <line num="2061" type="stmt" count="0"/>
      <line num="2062" type="stmt" count="0"/>
      <line num="2063" type="stmt" count="0"/>
      <line num="2064" type="stmt" count="0"/>
      <line num="2072" type="method" name="_check_whitelist_auth" visibility="protected" complexity="3" crap="12" count="0"/>
      <line num="2073" type="stmt" count="0"/>
      <line num="2074" type="stmt" count="0"/>
      <line num="2076" type="stmt" count="0"/>
      <line num="2078" type="stmt" count="0"/>
      <line num="2079" type="stmt" count="0"/>
      <line num="2082" type="stmt" count="0"/>
      <line num="2083" type="stmt" count="0"/>
      <line num="2085" type="stmt" count="0"/>
      <line num="2086" type="stmt" count="0"/>
      <line num="2087" type="stmt" count="0"/>
      <line num="2088" type="stmt" count="0"/>
      <line num="2089" type="stmt" count="0"/>
      <line num="2090" type="stmt" count="0"/>
      <line num="2091" type="stmt" count="0"/>
      <line num="2092" type="stmt" count="0"/>
      <line num="2102" type="method" name="_force_login" visibility="protected" complexity="3" crap="12" count="0"/>
      <line num="2103" type="stmt" count="0"/>
      <line num="2104" type="stmt" count="0"/>
      <line num="2105" type="stmt" count="0"/>
      <line num="2106" type="stmt" count="0"/>
      <line num="2107" type="stmt" count="0"/>
      <line num="2109" type="stmt" count="0"/>
      <line num="2110" type="stmt" count="0"/>
      <line num="2111" type="stmt" count="0"/>
      <line num="2112" type="stmt" count="0"/>
      <line num="2114" type="stmt" count="0"/>
      <line num="2115" type="stmt" count="0"/>
      <line num="2116" type="stmt" count="0"/>
      <line num="2117" type="stmt" count="0"/>
      <line num="2118" type="stmt" count="0"/>
      <line num="2121" type="stmt" count="0"/>
      <line num="2122" type="stmt" count="0"/>
      <line num="2123" type="stmt" count="0"/>
      <line num="2124" type="stmt" count="0"/>
      <line num="2125" type="stmt" count="0"/>
      <line num="2134" type="method" name="_log_access_time" visibility="protected" complexity="1" crap="2" count="0"/>
      <line num="2135" type="stmt" count="0"/>
      <line num="2136" type="stmt" count="0"/>
      <line num="2138" type="stmt" count="0"/>
      <line num="2139" type="stmt" count="0"/>
      <line num="2140" type="stmt" count="0"/>
      <line num="2141" type="stmt" count="0"/>
      <line num="2142" type="stmt" count="0"/>
      <line num="2152" type="method" name="_log_response_code" visibility="protected" complexity="1" crap="2" count="0"/>
      <line num="2153" type="stmt" count="0"/>
      <line num="2154" type="stmt" count="0"/>
      <line num="2156" type="stmt" count="0"/>
      <line num="2157" type="stmt" count="0"/>
      <line num="2158" type="stmt" count="0"/>
      <line num="2159" type="stmt" count="0"/>
      <line num="2160" type="stmt" count="0"/>
      <line num="2168" type="method" name="_check_access" visibility="protected" complexity="4" crap="20" count="0"/>
      <line num="2169" type="stmt" count="0"/>
      <line num="2171" type="stmt" count="0"/>
      <line num="2172" type="stmt" count="0"/>
      <line num="2173" type="stmt" count="0"/>
      <line num="2174" type="stmt" count="0"/>
      <line num="2177" type="stmt" count="0"/>
      <line num="2178" type="stmt" count="0"/>
      <line num="2179" type="stmt" count="0"/>
      <line num="2181" type="stmt" count="0"/>
      <line num="2182" type="stmt" count="0"/>
      <line num="2183" type="stmt" count="0"/>
      <line num="2184" type="stmt" count="0"/>
      <line num="2187" type="stmt" count="0"/>
      <line num="2188" type="stmt" count="0"/>
      <line num="2189" type="stmt" count="0"/>
      <line num="2190" type="stmt" count="0"/>
      <line num="2191" type="stmt" count="0"/>
      <line num="2194" type="stmt" count="0"/>
      <line num="2197" type="stmt" count="0"/>
      <line num="2198" type="stmt" count="0"/>
      <line num="2199" type="stmt" count="0"/>
      <line num="2200" type="stmt" count="0"/>
      <line num="2201" type="stmt" count="0"/>
      <line num="2202" type="stmt" count="0"/>
      <line num="2210" type="method" name="_check_cors" visibility="protected" complexity="5" crap="30" count="0"/>
      <line num="2211" type="stmt" count="0"/>
      <line num="2213" type="stmt" count="0"/>
      <line num="2214" type="stmt" count="0"/>
      <line num="2217" type="stmt" count="0"/>
      <line num="2218" type="stmt" count="0"/>
      <line num="2219" type="stmt" count="0"/>
      <line num="2220" type="stmt" count="0"/>
      <line num="2221" type="stmt" count="0"/>
      <line num="2222" type="stmt" count="0"/>
      <line num="2223" type="stmt" count="0"/>
      <line num="2224" type="stmt" count="0"/>
      <line num="2227" type="stmt" count="0"/>
      <line num="2228" type="stmt" count="0"/>
      <line num="2229" type="stmt" count="0"/>
      <line num="2230" type="stmt" count="0"/>
      <line num="2231" type="stmt" count="0"/>
      <line num="2234" type="stmt" count="0"/>
      <line num="2235" type="stmt" count="0"/>
      <line num="2236" type="stmt" count="0"/>
      <line num="2237" type="stmt" count="0"/>
      <line num="2238" type="stmt" count="0"/>
      <line num="2239" type="stmt" count="0"/>
      <line num="2240" type="stmt" count="0"/>
      <line num="2243" type="stmt" count="0"/>
      <line num="2244" type="stmt" count="0"/>
      <line num="2245" type="stmt" count="0"/>
      <line num="2246" type="stmt" count="0"/>
      <line num="2247" type="stmt" count="0"/>
      <metrics loc="2247" ncloc="1241" classes="1" methods="47" coveredmethods="0" conditionals="0" coveredconditionals="0" statements="1023" coveredstatements="0" elements="1070" coveredelements="0"/>
    </file>
    <file name="/Applications/MAMP/htdocs/expo/application/views/errors/cli/error_404.php">
      <line num="2" type="stmt" count="0"/>
      <line num="4" type="stmt" count="0"/>
      <line num="5" type="stmt" count="0"/>
      <line num="6" type="stmt" count="0"/>
      <line num="7" type="stmt" count="0"/>
      <line num="8" type="stmt" count="0"/>
      <metrics loc="7" ncloc="7" classes="0" methods="0" coveredmethods="0" conditionals="0" coveredconditionals="0" statements="5" coveredstatements="0" elements="5" coveredelements="0"/>
    </file>
    <file name="/Applications/MAMP/htdocs/expo/application/views/errors/cli/error_db.php">
      <line num="2" type="stmt" count="0"/>
      <line num="4" type="stmt" count="0"/>
      <line num="5" type="stmt" count="0"/>
      <line num="6" type="stmt" count="0"/>
      <line num="7" type="stmt" count="0"/>
      <line num="8" type="stmt" count="0"/>
      <metrics loc="7" ncloc="7" classes="0" methods="0" coveredmethods="0" conditionals="0" coveredconditionals="0" statements="5" coveredstatements="0" elements="5" coveredelements="0"/>
    </file>
    <file name="/Applications/MAMP/htdocs/expo/application/views/errors/cli/error_exception.php">
      <line num="3" type="stmt" count="0"/>
      <line num="12" type="stmt" count="0"/>
      <metrics loc="21" ncloc="21" classes="0" methods="0" coveredmethods="0" conditionals="0" coveredconditionals="0" statements="2" coveredstatements="0" elements="2" coveredelements="0"/>
    </file>
    <file name="/Applications/MAMP/htdocs/expo/application/views/errors/cli/error_general.php">
      <line num="2" type="stmt" count="0"/>
      <line num="4" type="stmt" count="0"/>
      <line num="5" type="stmt" count="0"/>
      <line num="6" type="stmt" count="0"/>
      <line num="7" type="stmt" count="0"/>
      <line num="8" type="stmt" count="0"/>
      <metrics loc="7" ncloc="7" classes="0" methods="0" coveredmethods="0" conditionals="0" coveredconditionals="0" statements="5" coveredstatements="0" elements="5" coveredelements="0"/>
    </file>
    <file name="/Applications/MAMP/htdocs/expo/application/views/errors/cli/error_php.php">
      <line num="3" type="stmt" count="0"/>
      <line num="12" type="stmt" count="0"/>
      <metrics loc="21" ncloc="21" classes="0" methods="0" coveredmethods="0" conditionals="0" coveredconditionals="0" statements="2" coveredstatements="0" elements="2" coveredelements="0"/>
    </file>
    <file name="/Applications/MAMP/htdocs/expo/application/views/errors/html/error_404.php">
      <line num="2" type="stmt" count="0"/>
      <line num="4" type="stmt" count="0"/>
      <line num="5" type="stmt" count="0"/>
      <line num="6" type="stmt" count="0"/>
      <line num="7" type="stmt" count="0"/>
      <line num="8" type="stmt" count="0"/>
      <line num="10" type="stmt" count="0"/>
      <line num="11" type="stmt" count="0"/>
      <line num="13" type="stmt" count="0"/>
      <line num="14" type="stmt" count="0"/>
      <line num="15" type="stmt" count="0"/>
      <line num="16" type="stmt" count="0"/>
      <line num="17" type="stmt" count="0"/>
      <line num="18" type="stmt" count="0"/>
      <line num="20" type="stmt" count="0"/>
      <line num="21" type="stmt" count="0"/>
      <line num="22" type="stmt" count="0"/>
      <line num="23" type="stmt" count="0"/>
      <line num="24" type="stmt" count="0"/>
      <line num="26" type="stmt" count="0"/>
      <line num="27" type="stmt" count="0"/>
      <line num="28" type="stmt" count="0"/>
      <line num="29" type="stmt" count="0"/>
      <line num="30" type="stmt" count="0"/>
      <line num="31" type="stmt" count="0"/>
      <line num="32" type="stmt" count="0"/>
      <line num="33" type="stmt" count="0"/>
      <line num="34" type="stmt" count="0"/>
      <line num="36" type="stmt" count="0"/>
      <line num="37" type="stmt" count="0"/>
      <line num="38" type="stmt" count="0"/>
      <line num="39" type="stmt" count="0"/>
      <line num="40" type="stmt" count="0"/>
      <line num="41" type="stmt" count="0"/>
      <line num="42" type="stmt" count="0"/>
      <line num="43" type="stmt" count="0"/>
      <line num="44" type="stmt" count="0"/>
      <line num="45" type="stmt" count="0"/>
      <line num="47" type="stmt" count="0"/>
      <line num="48" type="stmt" count="0"/>
      <line num="49" type="stmt" count="0"/>
      <line num="50" type="stmt" count="0"/>
      <line num="51" type="stmt" count="0"/>
      <line num="53" type="stmt" count="0"/>
      <line num="54" type="stmt" count="0"/>
      <line num="55" type="stmt" count="0"/>
      <line num="56" type="stmt" count="0"/>
      <line num="57" type="stmt" count="0"/>
      <line num="58" type="stmt" count="0"/>
      <line num="59" type="stmt" count="0"/>
      <line num="62" type="stmt" count="0"/>
      <line num="63" type="stmt" count="0"/>
      <line num="64" type="stmt" count="0"/>
      <metrics loc="63" ncloc="63" classes="0" methods="0" coveredmethods="0" conditionals="0" coveredconditionals="0" statements="52" coveredstatements="0" elements="52" coveredelements="0"/>
    </file>
    <file name="/Applications/MAMP/htdocs/expo/application/views/errors/html/error_db.php">
      <line num="2" type="stmt" count="0"/>
      <line num="4" type="stmt" count="0"/>
      <line num="5" type="stmt" count="0"/>
      <line num="6" type="stmt" count="0"/>
      <line num="7" type="stmt" count="0"/>
      <line num="8" type="stmt" count="0"/>
      <line num="10" type="stmt" count="0"/>
      <line num="11" type="stmt" count="0"/>
      <line num="13" type="stmt" count="0"/>
      <line num="14" type="stmt" count="0"/>
      <line num="15" type="stmt" count="0"/>
      <line num="16" type="stmt" count="0"/>
      <line num="17" type="stmt" count="0"/>
      <line num="18" type="stmt" count="0"/>
      <line num="20" type="stmt" count="0"/>
      <line num="21" type="stmt" count="0"/>
      <line num="22" type="stmt" count="0"/>
      <line num="23" type="stmt" count="0"/>
      <line num="24" type="stmt" count="0"/>
      <line num="26" type="stmt" count="0"/>
      <line num="27" type="stmt" count="0"/>
      <line num="28" type="stmt" count="0"/>
      <line num="29" type="stmt" count="0"/>
      <line num="30" type="stmt" count="0"/>
      <line num="31" type="stmt" count="0"/>
      <line num="32" type="stmt" count="0"/>
      <line num="33" type="stmt" count="0"/>
      <line num="34" type="stmt" count="0"/>
      <line num="36" type="stmt" count="0"/>
      <line num="37" type="stmt" count="0"/>
      <line num="38" type="stmt" count="0"/>
      <line num="39" type="stmt" count="0"/>
      <line num="40" type="stmt" count="0"/>
      <line num="41" type="stmt" count="0"/>
      <line num="42" type="stmt" count="0"/>
      <line num="43" type="stmt" count="0"/>
      <line num="44" type="stmt" count="0"/>
      <line num="45" type="stmt" count="0"/>
      <line num="47" type="stmt" count="0"/>
      <line num="48" type="stmt" count="0"/>
      <line num="49" type="stmt" count="0"/>
      <line num="50" type="stmt" count="0"/>
      <line num="51" type="stmt" count="0"/>
      <line num="53" type="stmt" count="0"/>
      <line num="54" type="stmt" count="0"/>
      <line num="55" type="stmt" count="0"/>
      <line num="56" type="stmt" count="0"/>
      <line num="57" type="stmt" count="0"/>
      <line num="58" type="stmt" count="0"/>
      <line num="59" type="stmt" count="0"/>
      <line num="62" type="stmt" count="0"/>
      <line num="63" type="stmt" count="0"/>
      <line num="64" type="stmt" count="0"/>
      <metrics loc="63" ncloc="63" classes="0" methods="0" coveredmethods="0" conditionals="0" coveredconditionals="0" statements="52" coveredstatements="0" elements="52" coveredelements="0"/>
    </file>
    <file name="/Applications/MAMP/htdocs/expo/application/views/errors/html/error_exception.php">
      <line num="2" type="stmt" count="0"/>
      <line num="5" type="stmt" count="0"/>
      <line num="7" type="stmt" count="0"/>
      <line num="16" type="stmt" count="0"/>
      <line num="21" type="stmt" count="0"/>
      <line num="25" type="stmt" count="0"/>
      <line num="32" type="stmt" count="0"/>
      <metrics loc="31" ncloc="31" classes="0" methods="0" coveredmethods="0" conditionals="0" coveredconditionals="0" statements="6" coveredstatements="0" elements="6" coveredelements="0"/>
    </file>
    <file name="/Applications/MAMP/htdocs/expo/application/views/errors/html/error_general.php">
      <line num="2" type="stmt" count="0"/>
      <line num="4" type="stmt" count="0"/>
      <line num="5" type="stmt" count="0"/>
      <line num="6" type="stmt" count="0"/>
      <line num="7" type="stmt" count="0"/>
      <line num="8" type="stmt" count="0"/>
      <line num="10" type="stmt" count="0"/>
      <line num="11" type="stmt" count="0"/>
      <line num="13" type="stmt" count="0"/>
      <line num="14" type="stmt" count="0"/>
      <line num="15" type="stmt" count="0"/>
      <line num="16" type="stmt" count="0"/>
      <line num="17" type="stmt" count="0"/>
      <line num="18" type="stmt" count="0"/>
      <line num="20" type="stmt" count="0"/>
      <line num="21" type="stmt" count="0"/>
      <line num="22" type="stmt" count="0"/>
      <line num="23" type="stmt" count="0"/>
      <line num="24" type="stmt" count="0"/>
      <line num="26" type="stmt" count="0"/>
      <line num="27" type="stmt" count="0"/>
      <line num="28" type="stmt" count="0"/>
      <line num="29" type="stmt" count="0"/>
      <line num="30" type="stmt" count="0"/>
      <line num="31" type="stmt" count="0"/>
      <line num="32" type="stmt" count="0"/>
      <line num="33" type="stmt" count="0"/>
      <line num="34" type="stmt" count="0"/>
      <line num="36" type="stmt" count="0"/>
      <line num="37" type="stmt" count="0"/>
      <line num="38" type="stmt" count="0"/>
      <line num="39" type="stmt" count="0"/>
      <line num="40" type="stmt" count="0"/>
      <line num="41" type="stmt" count="0"/>
      <line num="42" type="stmt" count="0"/>
      <line num="43" type="stmt" count="0"/>
      <line num="44" type="stmt" count="0"/>
      <line num="45" type="stmt" count="0"/>
      <line num="47" type="stmt" count="0"/>
      <line num="48" type="stmt" count="0"/>
      <line num="49" type="stmt" count="0"/>
      <line num="50" type="stmt" count="0"/>
      <line num="51" type="stmt" count="0"/>
      <line num="53" type="stmt" count="0"/>
      <line num="54" type="stmt" count="0"/>
      <line num="55" type="stmt" count="0"/>
      <line num="56" type="stmt" count="0"/>
      <line num="57" type="stmt" count="0"/>
      <line num="58" type="stmt" count="0"/>
      <line num="59" type="stmt" count="0"/>
      <line num="62" type="stmt" count="0"/>
      <line num="63" type="stmt" count="0"/>
      <line num="64" type="stmt" count="0"/>
      <metrics loc="63" ncloc="63" classes="0" methods="0" coveredmethods="0" conditionals="0" coveredconditionals="0" statements="52" coveredstatements="0" elements="52" coveredelements="0"/>
    </file>
    <file name="/Applications/MAMP/htdocs/expo/application/views/errors/html/error_php.php">
      <line num="2" type="stmt" count="0"/>
      <line num="5" type="stmt" count="0"/>
      <line num="7" type="stmt" count="0"/>
      <line num="16" type="stmt" count="0"/>
      <line num="21" type="stmt" count="0"/>
      <line num="25" type="stmt" count="0"/>
      <line num="33" type="stmt" count="0"/>
      <metrics loc="32" ncloc="32" classes="0" methods="0" coveredmethods="0" conditionals="0" coveredconditionals="0" statements="6" coveredstatements="0" elements="6" coveredelements="0"/>
    </file>
    <metrics files="13" loc="3091" ncloc="1822" classes="3" methods="61" coveredmethods="0" conditionals="0" coveredconditionals="0" statements="1429" coveredstatements="0" elements="1490" coveredelements="0"/>
  </project>
</coverage>
